{"./src/kendo.breeze.datasource.js":{"path":"./src/kendo.breeze.datasource.js","s":{"1":1,"2":0,"3":0,"4":0,"5":0,"6":0,"7":0,"8":0,"9":0,"10":0,"11":0,"12":0,"13":0,"14":0,"15":0,"16":0,"17":0,"18":0,"19":0,"20":0,"21":0,"22":0,"23":0,"24":0},"b":{"1":[0,0],"2":[0,0],"3":[0,0],"4":[0,0]},"f":{"1":0,"2":0,"3":0,"4":0,"5":0,"6":0,"7":0,"8":0},"fnMap":{"1":{"name":"(anonymous_1)","line":1,"loc":{"start":{"line":1,"column":1},"end":{"line":1,"column":29}}},"2":{"name":"BreezeTransport","line":6,"loc":{"start":{"line":6,"column":2},"end":{"line":6,"column":51}}},"3":{"name":"(anonymous_3)","line":12,"loc":{"start":{"line":12,"column":10},"end":{"line":12,"column":29}}},"4":{"name":"(anonymous_4)","line":25,"loc":{"start":{"line":25,"column":50},"end":{"line":25,"column":63}}},"5":{"name":"(anonymous_5)","line":30,"loc":{"start":{"line":30,"column":12},"end":{"line":30,"column":31}}},"6":{"name":"(anonymous_6)","line":33,"loc":{"start":{"line":33,"column":12},"end":{"line":33,"column":31}}},"7":{"name":"(anonymous_7)","line":36,"loc":{"start":{"line":36,"column":13},"end":{"line":36,"column":32}}},"8":{"name":"(anonymous_8)","line":44,"loc":{"start":{"line":44,"column":10},"end":{"line":44,"column":29}}}},"statementMap":{"1":{"start":{"line":1,"column":0},"end":{"line":62,"column":21}},"2":{"start":{"line":2,"column":2},"end":{"line":2,"column":15}},"3":{"start":{"line":4,"column":2},"end":{"line":4,"column":54}},"4":{"start":{"line":6,"column":2},"end":{"line":9,"column":3}},"5":{"start":{"line":7,"column":4},"end":{"line":7,"column":39}},"6":{"start":{"line":8,"column":4},"end":{"line":8,"column":29}},"7":{"start":{"line":11,"column":2},"end":{"line":39,"column":5}},"8":{"start":{"line":13,"column":6},"end":{"line":14,"column":34}},"9":{"start":{"line":16,"column":6},"end":{"line":18,"column":7}},"10":{"start":{"line":17,"column":8},"end":{"line":17,"column":53}},"11":{"start":{"line":20,"column":6},"end":{"line":23,"column":31}},"12":{"start":{"line":25,"column":6},"end":{"line":27,"column":9}},"13":{"start":{"line":26,"column":8},"end":{"line":26,"column":37}},"14":{"start":{"line":31,"column":6},"end":{"line":31,"column":36}},"15":{"start":{"line":34,"column":6},"end":{"line":34,"column":36}},"16":{"start":{"line":37,"column":6},"end":{"line":37,"column":36}},"17":{"start":{"line":43,"column":2},"end":{"line":61,"column":5}},"18":{"start":{"line":46,"column":6},"end":{"line":48,"column":7}},"19":{"start":{"line":47,"column":8},"end":{"line":47,"column":180}},"20":{"start":{"line":50,"column":6},"end":{"line":52,"column":7}},"21":{"start":{"line":51,"column":8},"end":{"line":51,"column":152}},"22":{"start":{"line":55,"column":6},"end":{"line":55,"column":89}},"23":{"start":{"line":56,"column":6},"end":{"line":56,"column":70}},"24":{"start":{"line":59,"column":6},"end":{"line":59,"column":56}}},"branchMap":{"1":{"line":4,"type":"binary-expr","locations":[{"start":{"line":4,"column":26},"end":{"line":4,"column":47}},{"start":{"line":4,"column":51},"end":{"line":4,"column":53}}]},"2":{"line":16,"type":"if","locations":[{"start":{"line":16,"column":6},"end":{"line":16,"column":6}},{"start":{"line":16,"column":6},"end":{"line":16,"column":6}}]},"3":{"line":46,"type":"if","locations":[{"start":{"line":46,"column":6},"end":{"line":46,"column":6}},{"start":{"line":46,"column":6},"end":{"line":46,"column":6}}]},"4":{"line":50,"type":"if","locations":[{"start":{"line":50,"column":6},"end":{"line":50,"column":6}},{"start":{"line":50,"column":6},"end":{"line":50,"column":6}}]}}}}